\BOOKMARK [0][-]{chapter.1}{\376\377\0001\000\040\000H\000i\000e\000r\000a\000r\000c\000h\000i\000c\000a\000l\000\040\000I\000n\000d\000e\000x}{}% 1
\BOOKMARK [1][-]{section.1.1}{\376\377\0001\000.\0001\000\040\000C\000l\000a\000s\000s\000\040\000H\000i\000e\000r\000a\000r\000c\000h\000y}{chapter.1}% 2
\BOOKMARK [0][-]{chapter.2}{\376\377\0002\000\040\000C\000l\000a\000s\000s\000\040\000I\000n\000d\000e\000x}{}% 3
\BOOKMARK [1][-]{section.2.1}{\376\377\0002\000.\0001\000\040\000C\000l\000a\000s\000s\000\040\000L\000i\000s\000t}{chapter.2}% 4
\BOOKMARK [0][-]{chapter.3}{\376\377\0003\000\040\000C\000l\000a\000s\000s\000\040\000D\000o\000c\000u\000m\000e\000n\000t\000a\000t\000i\000o\000n}{}% 5
\BOOKMARK [1][-]{section.3.1}{\376\377\0003\000.\0001\000\040\000p\000y\000f\000r\000p\000\137\000s\000u\000b\000w\000i\000n\000.\000a\000b\000o\000u\000t\000\137\000d\000i\000a\000l\000o\000g\000\040\000C\000l\000a\000s\000s\000\040\000R\000e\000f\000e\000r\000e\000n\000c\000e}{chapter.3}% 6
\BOOKMARK [1][-]{section.3.2}{\376\377\0003\000.\0002\000\040\000p\000y\000f\000r\000p\000\137\000s\000u\000b\000w\000i\000n\000.\000a\000n\000a\000l\000y\000s\000i\000s\000\137\000d\000i\000a\000l\000o\000g\000\040\000C\000l\000a\000s\000s\000\040\000R\000e\000f\000e\000r\000e\000n\000c\000e}{chapter.3}% 7
\BOOKMARK [1][-]{section.3.3}{\376\377\0003\000.\0003\000\040\000p\000y\000f\000r\000p\000\137\000s\000u\000b\000w\000i\000n\000.\000a\000n\000a\000l\000y\000z\000e\000\137\000a\000l\000l\000\137\000p\000r\000o\000g\000\040\000C\000l\000a\000s\000s\000\040\000R\000e\000f\000e\000r\000e\000n\000c\000e}{chapter.3}% 8
\BOOKMARK [1][-]{section.3.4}{\376\377\0003\000.\0004\000\040\000p\000y\000f\000r\000p\000\137\000s\000u\000b\000w\000i\000n\000.\000a\000n\000a\000l\000y\000z\000e\000\137\000a\000l\000l\000\137\000t\000h\000r\000e\000a\000d\000\040\000C\000l\000a\000s\000s\000\040\000R\000e\000f\000e\000r\000e\000n\000c\000e}{chapter.3}% 9
\BOOKMARK [1][-]{section.3.5}{\376\377\0003\000.\0005\000\040\000p\000y\000f\000r\000p\000\137\000s\000u\000b\000w\000i\000n\000.\000a\000n\000a\000l\000y\000z\000e\000\137\000p\000r\000o\000g\000\040\000C\000l\000a\000s\000s\000\040\000R\000e\000f\000e\000r\000e\000n\000c\000e}{chapter.3}% 10
\BOOKMARK [1][-]{section.3.6}{\376\377\0003\000.\0006\000\040\000p\000y\000f\000r\000p\000\137\000s\000u\000b\000w\000i\000n\000.\000a\000n\000a\000l\000y\000z\000e\000\137\000t\000h\000r\000e\000a\000d\000\040\000C\000l\000a\000s\000s\000\040\000R\000e\000f\000e\000r\000e\000n\000c\000e}{chapter.3}% 11
\BOOKMARK [1][-]{section.3.7}{\376\377\0003\000.\0007\000\040\000p\000y\000f\000r\000p\000\137\000s\000u\000b\000w\000i\000n\000.\000d\000a\000t\000a\000s\000e\000t\000\137\000d\000i\000a\000l\000o\000g\000\040\000C\000l\000a\000s\000s\000\040\000R\000e\000f\000e\000r\000e\000n\000c\000e}{chapter.3}% 12
\BOOKMARK [1][-]{section.3.8}{\376\377\0003\000.\0008\000\040\000e\000m\000b\000r\000y\000o\000.\000e\000m\000b\000r\000y\000o\000\040\000C\000l\000a\000s\000s\000\040\000R\000e\000f\000e\000r\000e\000n\000c\000e}{chapter.3}% 13
\BOOKMARK [1][-]{section.3.9}{\376\377\0003\000.\0009\000\040\000e\000m\000b\000r\000y\000o\000.\000f\000i\000t\000\040\000C\000l\000a\000s\000s\000\040\000R\000e\000f\000e\000r\000e\000n\000c\000e}{chapter.3}% 14
\BOOKMARK [1][-]{section.3.10}{\376\377\0003\000.\0001\0000\000\040\000p\000y\000f\000r\000p\000\137\000s\000u\000b\000w\000i\000n\000.\000f\000i\000t\000\137\000d\000i\000a\000l\000o\000g\000\040\000C\000l\000a\000s\000s\000\040\000R\000e\000f\000e\000r\000e\000n\000c\000e}{chapter.3}% 15
\BOOKMARK [1][-]{section.3.11}{\376\377\0003\000.\0001\0001\000\040\000p\000y\000f\000r\000p\000\137\000s\000u\000b\000w\000i\000n\000.\000f\000i\000t\000t\000i\000n\000g\000\137\000m\000o\000l\000\137\000t\000h\000r\000e\000a\000d\000\040\000C\000l\000a\000s\000s\000\040\000R\000e\000f\000e\000r\000e\000n\000c\000e}{chapter.3}% 16
\BOOKMARK [1][-]{section.3.12}{\376\377\0003\000.\0001\0002\000\040\000p\000y\000f\000r\000p\000\137\000s\000u\000b\000w\000i\000n\000.\000f\000i\000t\000t\000i\000n\000g\000\137\000p\000r\000o\000g\000\040\000C\000l\000a\000s\000s\000\040\000R\000e\000f\000e\000r\000e\000n\000c\000e}{chapter.3}% 17
\BOOKMARK [1][-]{section.3.13}{\376\377\0003\000.\0001\0003\000\040\000p\000y\000f\000r\000p\000\137\000s\000u\000b\000w\000i\000n\000.\000f\000i\000t\000t\000i\000n\000g\000\137\000t\000h\000r\000e\000a\000d\000\040\000C\000l\000a\000s\000s\000\040\000R\000e\000f\000e\000r\000e\000n\000c\000e}{chapter.3}% 18
\BOOKMARK [1][-]{section.3.14}{\376\377\0003\000.\0001\0004\000\040\000p\000y\000f\000r\000p\000\137\000s\000u\000b\000w\000i\000n\000.\000g\000e\000o\000m\000e\000t\000r\000y\000\137\000d\000i\000a\000l\000o\000g\000\040\000C\000l\000a\000s\000s\000\040\000R\000e\000f\000e\000r\000e\000n\000c\000e}{chapter.3}% 19
\BOOKMARK [1][-]{section.3.15}{\376\377\0003\000.\0001\0005\000\040\000p\000y\000f\000r\000p\000\137\000t\000e\000r\000m\000.\000P\000y\000I\000n\000t\000e\000r\000p\000.\000I\000n\000t\000e\000r\000a\000c\000t\000i\000v\000e\000I\000n\000t\000e\000r\000p\000r\000e\000t\000e\000r\000\040\000C\000l\000a\000s\000s\000\040\000R\000e\000f\000e\000r\000e\000n\000c\000e}{chapter.3}% 20
\BOOKMARK [1][-]{section.3.16}{\376\377\0003\000.\0001\0006\000\040\000m\000o\000l\000e\000c\000u\000l\000e\000.\000m\000o\000l\000e\000c\000u\000l\000e\000\040\000C\000l\000a\000s\000s\000\040\000R\000e\000f\000e\000r\000e\000n\000c\000e}{chapter.3}% 21
\BOOKMARK [1][-]{section.3.17}{\376\377\0003\000.\0001\0007\000\040\000p\000y\000f\000r\000p\000\137\000s\000u\000b\000w\000i\000n\000.\000m\000o\000l\000e\000c\000u\000l\000e\000\137\000d\000i\000a\000l\000o\000g\000\040\000C\000l\000a\000s\000s\000\040\000R\000e\000f\000e\000r\000e\000n\000c\000e}{chapter.3}% 22
\BOOKMARK [1][-]{section.3.18}{\376\377\0003\000.\0001\0008\000\040\000p\000y\000f\000r\000p\000\137\000s\000u\000b\000w\000i\000n\000.\000m\000u\000l\000t\000\137\000f\000i\000t\000\137\000d\000i\000a\000l\000o\000g\000\040\000C\000l\000a\000s\000s\000\040\000R\000e\000f\000e\000r\000e\000n\000c\000e}{chapter.3}% 23
\BOOKMARK [1][-]{section.3.19}{\376\377\0003\000.\0001\0009\000\040\000p\000y\000f\000r\000p\000\137\000a\000p\000p\000.\000p\000y\000f\000r\000p\000\040\000C\000l\000a\000s\000s\000\040\000R\000e\000f\000e\000r\000e\000n\000c\000e}{chapter.3}% 24
\BOOKMARK [1][-]{section.3.20}{\376\377\0003\000.\0002\0000\000\040\000p\000y\000f\000r\000p\000\137\000c\000o\000n\000f\000.\000p\000y\000f\000r\000p\000\137\000c\000o\000n\000f\000\040\000C\000l\000a\000s\000s\000\040\000R\000e\000f\000e\000r\000e\000n\000c\000e}{chapter.3}% 25
\BOOKMARK [1][-]{section.3.21}{\376\377\0003\000.\0002\0001\000\040\000p\000y\000f\000r\000p\000\137\000t\000e\000r\000m\000.\000P\000y\000I\000n\000t\000e\000r\000p\000\040\000C\000l\000a\000s\000s\000\040\000R\000e\000f\000e\000r\000e\000n\000c\000e}{chapter.3}% 26
\BOOKMARK [1][-]{section.3.22}{\376\377\0003\000.\0002\0002\000\040\000p\000y\000f\000r\000p\000\137\000s\000u\000b\000w\000i\000n\000.\000s\000e\000l\000e\000c\000t\000\137\000f\000i\000t\000s\000\040\000C\000l\000a\000s\000s\000\040\000R\000e\000f\000e\000r\000e\000n\000c\000e}{chapter.3}% 27
\BOOKMARK [1][-]{section.3.23}{\376\377\0003\000.\0002\0003\000\040\000p\000y\000f\000r\000p\000\137\000s\000u\000b\000w\000i\000n\000.\000s\000i\000m\000\137\000d\000i\000a\000l\000o\000g\000\040\000C\000l\000a\000s\000s\000\040\000R\000e\000f\000e\000r\000e\000n\000c\000e}{chapter.3}% 28
\BOOKMARK [1][-]{section.3.24}{\376\377\0003\000.\0002\0004\000\040\000p\000y\000f\000r\000p\000\137\000s\000u\000b\000w\000i\000n\000.\000s\000i\000m\000u\000l\000a\000t\000i\000o\000n\000\137\000p\000r\000o\000g\000\040\000C\000l\000a\000s\000s\000\040\000R\000e\000f\000e\000r\000e\000n\000c\000e}{chapter.3}% 29
\BOOKMARK [1][-]{section.3.25}{\376\377\0003\000.\0002\0005\000\040\000p\000y\000f\000r\000p\000\137\000s\000u\000b\000w\000i\000n\000.\000s\000i\000m\000u\000l\000a\000t\000i\000o\000n\000\137\000t\000h\000r\000e\000a\000d\000\040\000C\000l\000a\000s\000s\000\040\000R\000e\000f\000e\000r\000e\000n\000c\000e}{chapter.3}% 30
